[Sat Oct 19 16:14:54 2024] [INFO]: Name: bhavya
, Username: bhavya
, Password: demo
, Role: employee, ID: 1
, Active: true
Name: sweety
[Sat Oct 19 16:14:54 2024] [INFO]: 
, Username: sweety
, Password: demo
, Role: employee, ID: 2
, Active: true
ctive: true
Name: sweety
[Sat Oct 19 16:20:39 2024] [INFO]: Name: gitika, Username: gitika, Password: demo, Role: employee, ID: 1, Active: true
È
[Sat Oct 19 19:32:26 2024] [INFO]: E†
[Sat Oct 19 19:43:54 2024] [INFO]: successfully authenticated
[Sat Oct 19 19:46:44 2024] [INFO]: successfully authenticated
[Sat Oct 19 19:46:44 2024] [INFO]: abc
[Sat Oct 19 21:01:24 2024] [INFO]: successfully authenticated
[Sat Oct 19 21:01:24 2024] [INFO]: abc
[Sat Oct 19 21:03:04 2024] [INFO]: successfully authenticated
[Sat Oct 19 21:03:04 2024] [INFO]: abc
[Sat Oct 19 21:44:54 2024] [INFO]: successfully authenticated
[Sat Oct 19 21:44:54 2024] [INFO]: abc
[Sat Oct 19 22:58:13 2024] [INFO]: successfully authenticated
[Sat Oct 19 22:58:13 2024] [INFO]: abc
[Sat Oct 19 22:58:38 2024] [INFO]: successfully authenticated
[Sat Oct 19 22:58:38 2024] [INFO]: abc
[Sat Oct 19 23:07:05 2024] [INFO]: successfully authenticated
[Sat Oct 19 23:07:05 2024] [INFO]: abc
[Sat Oct 19 23:57:17 2024] [INFO]: successfully authenticated
[Sat Oct 19 23:57:17 2024] [INFO]: xyz
[Sun Oct 20 00:10:43 2024] [INFO]: successfully authenticated
[Sun Oct 20 00:10:43 2024] [INFO]: abc
[Sun Oct 20 00:13:40 2024] [INFO]: successfully authenticated
[Sun Oct 20 00:13:40 2024] [INFO]: abc
[Sun Oct 20 01:15:31 2024] [INFO]: successfully authenticated
[Sun Oct 20 01:15:31 2024] [INFO]: abc
[Sun Oct 20 01:21:38 2024] [INFO]: successfully authenticated
[Sun Oct 20 01:21:38 2024] [INFO]: abc
[Sun Oct 20 01:32:31 2024] [INFO]: successfully authenticated
[Sun Oct 20 01:32:31 2024] [INFO]: xyz
[Sun Oct 20 01:45:22 2024] [INFO]: successfully authenticated
[Sun Oct 20 01:45:22 2024] [INFO]: pqr
[Sun Oct 20 01:50:19 2024] [INFO]: successfully authenticated
[Sun Oct 20 01:50:19 2024] [INFO]: pqr
[Sun Oct 20 16:23:04 2024] [INFO]: successfully authenticated
[Sun Oct 20 16:23:04 2024] [INFO]: giti
[Sun Oct 20 16:53:16 2024] [INFO]: successfully authenticated
[Sun Oct 20 16:53:16 2024] [INFO]: giti
[Sun Oct 20 16:55:17 2024] [INFO]: successfully authenticated
[Sun Oct 20 16:55:17 2024] [INFO]: giti
[Sun Oct 20 17:35:24 2024] [INFO]: successfully authenticated
[Sun Oct 20 17:35:24 2024] [INFO]: abc
[Sun Oct 20 18:38:49 2024] [INFO]: successfully authenticated
[Sun Oct 20 18:38:49 2024] [INFO]: abc
[Sun Oct 20 18:39:51 2024] [INFO]: successfully authenticated
[Sun Oct 20 18:39:51 2024] [INFO]: abc
[Sun Oct 20 18:42:28 2024] [INFO]: successfully authenticated
[Sun Oct 20 18:42:28 2024] [INFO]: abc
[Sun Oct 20 18:44:29 2024] [INFO]: successfully authenticated
[Sun Oct 20 18:44:29 2024] [INFO]: abc
[Tue Oct 22 14:48:20 2024] [INFO]: fhjdfhjd

[Tue Oct 22 14:48:39 2024] [INFO]: 7

[Tue Oct 22 14:54:28 2024] [INFO]: dsds

[Tue Oct 22 14:54:31 2024] [INFO]: 7

[Tue Oct 22 14:54:33 2024] [INFO]: 2

[Tue Oct 22 14:54:34 2024] [INFO]: 2

[Tue Oct 22 14:54:35 2024] [INFO]: 2

[Tue Oct 22 14:54:35 2024] [INFO]: 2

[Tue Oct 22 14:54:35 2024] [INFO]: 

[Tue Oct 22 14:55:33 2024] [INFO]: dsdsdsd

[Tue Oct 22 14:55:35 2024] [INFO]: 7

[Thu Oct 24 10:53:47 2024] [INFO]: 
[Thu Oct 24 10:53:47 2024] [INFO]: 1
[Thu Oct 24 10:58:10 2024] [INFO]: 
[Thu Oct 24 10:58:10 2024] [INFO]: 1
[Thu Oct 24 10:58:26 2024] [INFO]: 1
[Thu Oct 24 10:58:26 2024] [INFO]: 1
